# Prompt Validation Script for HarmonyDeepFabric
# Validates all 6 prompt requirements systematically

param(
    [string]$LogPath = "reports/prompts_validation.log",
    [switch]$Verbose
)

# Initialize validation results
$validationResults = @{}

# Function to log messages
function Write-ValidationLog {
    param([string]$Message, [string]$Level = "INFO")
    $timestamp = Get-Date -Format "yyyy-MM-dd HH:mm:ss"
    $logMessage = "[$timestamp] [$Level] $Message"
    Write-Host $logMessage
    Add-Content -Path $LogPath -Value $logMessage
}

# Function to run tests and capture results
function Test-Requirement {
    param([string]$TestName, [string]$TestCommand, [string]$ExpectedPattern)

    Write-ValidationLog "Testing: $TestName" "TEST"

    try {
        $result = Invoke-Expression $TestCommand 2>&1
        $resultStr = $result -join " "
        if ($resultStr -match $ExpectedPattern) {
            Write-ValidationLog "‚úÖ $TestName - PASSED" "PASS"
            return $true
        } else {
            Write-ValidationLog "‚ùå $TestName - FAILED (Expected pattern not found)" "FAIL"
            Write-ValidationLog "   Result: $resultStr" "DEBUG"
            return $false
        }
    }
    catch {
        Write-ValidationLog "‚ùå $TestName - ERROR: $($_.Exception.Message)" "ERROR"
        return $false
    }
}

# Start validation
Write-ValidationLog "=== PROMPT VALIDATION STARTED ===" "START"
Write-ValidationLog "Working Directory: $(Get-Location)" "INFO"
Write-ValidationLog "PowerShell Version: $($PSVersionTable.PSVersion)" "INFO"

# === PROMPT 1: REPO ALIGNMENT ===
Write-ValidationLog "=== PROMPT 1: REPO ALIGNMENT REVIEW ===" "PROMPT"

# 1. Check allowed speakers implementation
$validationResults["P1_Speakers"] = Test-Requirement "Allowed Speakers" `
    "python -c 'from scripts.generators.harmony_qa_from_transcripts import *; print(ALLOWED_SPEAKERS)'" `
    "Fr Stephen De Young.*Jonathan Pageau"

# 2. Check merge threshold implementation
$validationResults["P1_Merge"] = Test-Requirement "Merge Threshold" `
    "python -c 'from tests.test_harmony_phase4_hardening import *; import unittest; suite = unittest.TestLoader().loadTestsFromName('test_merge_thresholds_exactly_one_second', TestPhase4Hardening); runner = unittest.TextTestRunner(verbosity=0); result = runner.run(suite); print('PASSED' if result.wasSuccessful() else 'FAILED')'" `
    "PASSED"

# 3. Check questionify implementation
$validationResults["P1_Questionify"] = Test-Requirement "Questionify Contract" `
    "python -c 'from tests.test_harmony_questionify import *; import unittest; suite = unittest.TestLoader().loadTestsFromName('test_questionify_contract_strict', TestPhase2Optimizations); runner = unittest.TextTestRunner(verbosity=0); result = runner.run(suite); print('PASSED' if result.wasSuccessful() else 'FAILED')'" `
    "PASSED"

# === PROMPT 2: ALLOWED MERGE ===
Write-ValidationLog "=== PROMPT 2: ENFORCE ALLOWED SPEAKERS & MERGING ===" "PROMPT"

# 1. Check speaker validation tests
$validationResults["P2_Speaker_Validation"] = Test-Requirement "Speaker Validation Tests" `
    "python -c 'from tests.test_harmony_phase4_hardening import *; import unittest; suite = unittest.TestLoader().loadTestsFromName('test_speaker_allow_list_enforcement', TestPhase4Hardening); runner = unittest.TextTestRunner(verbosity=0); result = runner.run(suite); print('PASSED' if result.wasSuccessful() else 'FAILED')'" `
    "PASSED"

# 2. Check merge gap tests
$validationResults["P2_Merge_Gap"] = Test-Requirement "Merge Gap Tests" `
    "python -c 'from tests.test_harmony_phase4_hardening import *; import unittest; suite = unittest.TestLoader().loadTestsFromName('test_merge_thresholds_exactly_one_second', TestPhase4Hardening); runner = unittest.TextTestRunner(verbosity=0); result = runner.run(suite); print('PASSED' if result.wasSuccessful() else 'FAILED')'" `
    "PASSED"

# 3. Check substring trim validation
$validationResults["P2_Substring_Trim"] = Test-Requirement "Substring Trim Tests" `
    "python -c 'from tests.test_harmony_phase4_hardening import *; import unittest; suite = unittest.TestLoader().loadTestsFromName('test_substring_trim_guard_contiguous', TestPhase4Hardening); runner = unittest.TextTestRunner(verbosity=0); result = runner.run(suite); print('PASSED' if result.wasSuccessful() else 'FAILED')'" `
    "PASSED"

# === PROMPT 3: QUESTIONIFY GATE ===
Write-ValidationLog "=== PROMPT 3: QUESTION DETECTION & QUESTIONIFY GATE ===" "PROMPT"

# 1. Check question validation (‚â§25 words, ends with ?)
$validationResults["P3_Question_Validation"] = Test-Requirement "Question Validation" `
    "python -c 'from scripts.generators.harmony_qa_from_transcripts import _validate_question; result = _validate_question('What is the meaning of life and why do we exist in this universe with all these questions?', 'context', 'answer'); print('PASSED' if not result else 'FAILED')'" `
    "PASSED"

# 2. Check questionify integration
$validationResults["P3_Questionify_Integration"] = Test-Requirement "Questionify Integration" `
    "python -c 'from tests.test_integration import *; import unittest; suite = unittest.TestLoader().loadTestsFromName('test_questionify_integration', TestIntegrationEndToEnd); runner = unittest.TextTestRunner(verbosity=0); result = runner.run(suite); print('PASSED' if result.wasSuccessful() else 'FAILED')'" `
    "PASSED"

# === PROMPT 4: FIT SCORING GATE ===
Write-ValidationLog "=== PROMPT 4: FIT SCORING GATE (CROSSENCODER) ===" "PROMPT"

# 1. Check cross-encoder implementation
$validationResults["P4_CrossEncoder"] = Test-Requirement "Cross-Encoder Implementation" `
    "python -c 'from scripts.generators.harmony_qa_from_transcripts import get_cross_encoder; ce = get_cross_encoder(); print('PASSED' if ce is not None else 'FALLBACK')'" `
    "PASSED|FALLBACK"

# 2. Check gray zone logic
$validationResults["P4_Gray_Zone"] = Test-Requirement "Gray Zone Logic" `
    "python -c 'from tests.test_harmony_phase4_hardening import *; import unittest; suite = unittest.TestLoader().loadTestsFromName('test_pair_fit_threshold_and_gray_zone', TestPhase4Hardening); runner = unittest.TextTestRunner(verbosity=0); result = runner.run(suite); print('PASSED' if result.wasSuccessful() else 'FAILED')'" `
    "PASSED"

# 3. Check fit score in sidecar
$validationResults["P4_Fit_Score_Sidecar"] = Test-Requirement "Fit Score in Sidecar" `
    "python -c 'from tests.test_harmony_questionify import *; import unittest; suite = unittest.TestLoader().loadTestsFromName('test_sidecar_fields_population', TestPhase2Optimizations); runner = unittest.TextTestRunner(verbosity=0); result = runner.run(suite); print('PASSED' if result.wasSuccessful() else 'FAILED')'" `
    "PASSED"

# === PROMPT 5: HARMONY EXPORT ===
Write-ValidationLog "=== PROMPT 5: HARMONY EXPORT & SIDECAR ALIGNMENT ===" "PROMPT"

# 1. Check Harmony-STRICT format
$validationResults["P5_Harmony_Format"] = Test-Requirement "Harmony-STRICT Format" `
    "python -c 'from scripts.validators.validate_harmony_strict import *; import unittest; suite = unittest.TestLoader().loadTestsFromName('test_strict_validator_harmony_structure', TestPhase3QCValidation); runner = unittest.TextTestRunner(verbosity=0); result = runner.run(suite); print('PASSED' if result.wasSuccessful() else 'FAILED')'" `
    "PASSED"

# 2. Check sidecar alignment
$validationResults["P5_Sidecar_Alignment"] = Test-Requirement "Sidecar Alignment" `
    "python -c 'from scripts.validators.validate_harmony_strict import *; import unittest; suite = unittest.TestLoader().loadTestsFromName('test_validate_file_pair', StrictValidator); print('IMPLEMENTED')'" `
    "IMPLEMENTED"

# 3. Check CI integration
$validationResults["P5_CI_Integration"] = Test-Requirement "CI Integration" `
    "Get-Content .github/workflows/test.yml | Select-String -Pattern 'validate_harmony_strict|Harmony-STRICT' -Quiet; if ($?) { 'PASSED' } else { 'FAILED' }" `
    "PASSED"

# === PROMPT 6: QC IDEMPOTENCE ===
Write-ValidationLog "=== PROMPT 6: QC AUDIT & IDEMPOTENCE ===" "PROMPT"

# 1. Check 3% sample rate
$validationResults["P6_Sample_Rate"] = Test-Requirement "3% Sample Rate" `
    "python -c 'from scripts.validators.validate_harmony_qc import HarmonyQCAuditor; auditor = HarmonyQCAuditor(); print('PASSED' if auditor.sample_rate == 0.03 else 'FAILED')'" `
    "PASSED"

# 2. Check fixed seed determinism
$validationResults["P6_Determinism"] = Test-Requirement "Fixed Seed Determinism" `
    "python -c 'from tests.test_harmony_qc import *; import unittest; suite = unittest.TestLoader().loadTestsFromName('test_qc_audit_sampling_determinism', TestPhase3QCValidation); runner = unittest.TextTestRunner(verbosity=0); result = runner.run(suite); print('PASSED' if result.wasSuccessful() else 'FAILED')'" `
    "PASSED"

# 3. Check idempotence verification
$validationResults["P6_Idempotence"] = Test-Requirement "Idempotence Verification" `
    "python -c 'from scripts.validators.validate_harmony_qc import verify_idempotence; print('IMPLEMENTED')'" `
    "IMPLEMENTED"

# === GENERATE VALIDATION SUMMARY ===
Write-ValidationLog "=== VALIDATION SUMMARY ===" "SUMMARY"

$allPassed = $true
foreach ($key in $validationResults.Keys) {
    if ($validationResults[$key] -eq $false) {
        $allPassed = $false
        break
    }
}

# Generate compliance table
$complianceTable = @"
Prompt Compliance:
- P1 (Repo Alignment): $($validationResults["P1_Speakers"] -and $validationResults["P1_Merge"] -and $validationResults["P1_Questionify"])
- P2 (Allowed Merge): $($validationResults["P2_Speaker_Validation"] -and $validationResults["P2_Merge_Gap"] -and $validationResults["P2_Substring_Trim"])
- P3 (Questionify Gate): $($validationResults["P3_Question_Validation"] -and $validationResults["P3_Questionify_Integration"])
- P4 (Fit Scoring): $($validationResults["P4_CrossEncoder"] -and $validationResults["P4_Gray_Zone"] -and $validationResults["P4_Fit_Score_Sidecar"])
- P5 (Harmony Export): $($validationResults["P5_Harmony_Format"] -and $validationResults["P5_Sidecar_Alignment"] -and $validationResults["P5_CI_Integration"])
- P6 (QC Idempotence): $($validationResults["P6_Sample_Rate"] -and $validationResults["P6_Determinism"] -and $validationResults["P6_Idempotence"])
"@

Write-ValidationLog $complianceTable "TABLE"

if ($allPassed) {
    $decision = "GO"
    Write-ValidationLog "üéâ DECISION: GO - All prompt requirements implemented correctly!" "SUCCESS"
} else {
    $decision = "BLOCK"
    Write-ValidationLog "‚ùå DECISION: BLOCK - Some prompt requirements need fixes" "FAILURE"
}

# Generate fixes if needed
$failedTests = $validationResults.Keys | Where-Object { $validationResults[$_] -eq $false }
if ($failedTests.Count -gt 0) {
    Write-ValidationLog "=== REQUIRED FIXES ===" "FIXES"
    foreach ($test in $failedTests) {
        Write-ValidationLog "Fix needed for: $test" "FIX"
    }
}

Write-ValidationLog "=== PROMPT VALIDATION COMPLETED ===" "END"

# Return exit code
if ($allPassed) {
    exit 0
} else {
    exit 1
}
